빌드 시작: 2014-06-26 오후 7:55:21
     1>2 노드의 "C:\Users\user\Documents\Visual Studio 2010\Projects\ClassShooting\ClassShooting\proj.win32\ClassShooting.win32.vcxproj" 프로젝트(build 대상)입니다.
     1>InitializeBuildStatus:
         "AlwaysCreate"이(가) 지정되었기 때문에 "Debug.win32\ClassShooting.win32.unsuccessfulbuild"을(를) 만들고 있습니다.
       ClCompile:
         C:\Program Files (x86)\Microsoft Visual Studio 10.0\VC\bin\CL.exe /c /I..\Classes /I"C:\GameEngine\cocos2d-2.0-x-2.0.4\cocos2dx" /I"C:\GameEngine\cocos2d-2.0-x-2.0.4\cocos2dx\include" /I"C:\GameEngine\cocos2d-2.0-x-2.0.4\cocos2dx\kazmath\include" /I"C:\GameEngine\cocos2d-2.0-x-2.0.4\cocos2dx\platform\win32" /I"C:\GameEngine\cocos2d-2.0-x-2.0.4\cocos2dx\platform\third_party\win32" /I"C:\GameEngine\cocos2d-2.0-x-2.0.4\cocos2dx\platform\third_party\win32\OGLES" /I"C:\GameEngine\cocos2d-2.0-x-2.0.4\external" /I"C:\GameEngine\cocos2d-2.0-x-2.0.4\CocosDenshion\include" /ZI /nologo /W3 /WX- /Od /Oy- /D WIN32 /D _WINDOWS /D STRICT /D _CRT_SECURE_NO_WARNINGS /D _SCL_SECURE_NO_WARNINGS_DEBUG /D COCOS2D_DEBUG=1 /D _UNICODE /D UNICODE /Gm /EHsc /RTC1 /MDd /GS /fp:precise /Zc:wchar_t /Zc:forScope /Fo"Debug.win32\\" /Fd"Debug.win32\vc100.pdb" /Gd /TP /wd4267 /wd4251 /wd4244 /wd4819 /wd4996 /analyze- /errorReport:prompt ..\Classes\CMonster.cpp
         CMonster.cpp
     1>c:\users\user\documents\visual studio 2010\projects\classshooting\classshooting\classes\cmonster.cpp(385): warning C4305: '인수' : 'double'에서 'float'(으)로 잘립니다.
     1>c:\users\user\documents\visual studio 2010\projects\classshooting\classshooting\classes\cmonster.cpp(408): warning C4305: '인수' : 'double'에서 'float'(으)로 잘립니다.
       ResourceCompile:
         모든 출력이 최신 상태입니다.
       ManifestResourceCompile:
         모든 출력이 최신 상태입니다.
       Link:
         C:\Program Files (x86)\Microsoft Visual Studio 10.0\VC\bin\link.exe /ERRORREPORT:PROMPT /OUT:"C:\Users\user\Documents\Visual Studio 2010\Projects\ClassShooting\Debug.win32\ClassShooting.win32.exe" /INCREMENTAL /NOLOGO /LIBPATH:"C:\Users\user\Documents\Visual Studio 2010\Projects\ClassShooting\Debug.win32\\" /LIBPATH:"C:\GameEngine\cocos2d-2.0-x-2.0.4\lib\proj.win32" /LIBPATH:"C:\GameEngine\cocos2d-2.0-x-2.0.4\cocos2dx\platform\third_party\win32\libraries" libcocos2d.lib libExtensions.lib opengl32.lib glew32.lib libBox2d.lib libCocosDenshion.lib kernel32.lib user32.lib gdi32.lib winspool.lib comdlg32.lib advapi32.lib shell32.lib ole32.lib oleaut32.lib uuid.lib odbc32.lib odbccp32.lib /MANIFEST /ManifestFile:"Debug.win32\ClassShooting.win32.exe.intermediate.manifest" /MANIFESTUAC:"level='asInvoker' uiAccess='false'" /DEBUG /PDB:"C:\Users\user\Documents\Visual Studio 2010\Projects\ClassShooting\Debug.win32\ClassShooting.win32.pdb" /SUBSYSTEM:WINDOWS /TLBID:1 /DYNAMICBASE /NXCOMPAT /IMPLIB:"C:\Users\user\Documents\Visual Studio 2010\Projects\ClassShooting\Debug.win32\ClassShooting.win32.lib" /MACHINE:X86 Debug.win32\ClassShooting.res
         Debug.win32\ClassShooting.win32.exe.embed.manifest.res
         Debug.win32\AppDelegate.obj
         Debug.win32\CBullet.obj
         Debug.win32\CMonster.obj
         Debug.win32\HelloWorldScene.obj
         Debug.win32\LogoScene.obj
         Debug.win32\LoseScene.obj
         Debug.win32\MenuScene.obj
         Debug.win32\WinScene.obj
         Debug.win32\main.obj
       Manifest:
         C:\Program Files (x86)\Microsoft SDKs\Windows\v7.0A\bin\mt.exe /nologo /verbose /out:"Debug.win32\ClassShooting.win32.exe.embed.manifest" /manifest Debug.win32\ClassShooting.win32.exe.intermediate.manifest
         모든 출력이 최신 상태입니다.
       LinkEmbedManifest:
         모든 출력이 최신 상태입니다.
         ClassShooting.win32.vcxproj -> C:\Users\user\Documents\Visual Studio 2010\Projects\ClassShooting\Debug.win32\ClassShooting.win32.exe
       PostBuildEvent:
         xcopy /E /Q /Y "C:\GameEngine\cocos2d-2.0-x-2.0.4\cocos2dx\platform\third_party\win32\libraries\*.dll" "C:\Users\user\Documents\Visual Studio 2010\Projects\ClassShooting\Debug.win32\"
         xcopy /E /Q /Y "C:\GameEngine\cocos2d-2.0-x-2.0.4\lib\proj.win32\*.dll" "C:\Users\user\Documents\Visual Studio 2010\Projects\ClassShooting\Debug.win32\"
         :VCEnd
         7개 파일이 복사되었습니다.
         2개 파일이 복사되었습니다.
       FinalizeBuildStatus:
         "Debug.win32\ClassShooting.win32.unsuccessfulbuild" 파일을 삭제하고 있습니다.
         "Debug.win32\ClassShooting.win32.lastbuildstate"에 연결(touching)하고 있습니다.
     1>"C:\Users\user\Documents\Visual Studio 2010\Projects\ClassShooting\ClassShooting\proj.win32\ClassShooting.win32.vcxproj" 프로젝트를 빌드했습니다(build 대상).

빌드했습니다.

경과 시간: 00:00:07.13
